<?xml version="1.0" encoding="UTF-8" standalone="no"?><testsuite errors="0" failures="1" name="Flujo completo de reserva de alojamiento en Booking" skipped="0" tests="1" time="31.84" timestamp="2024-07-11 09:04:00"><testcase name="Realizar una reserva de alojamiento"><failure message="The page object class com.yape.mobile.screens.HomeScreenBookings could not be instantiated:&#10;Failed to instantiate page (net.thucydides.core.webdriver.DriverConfigurationError: Could not instantiate class io.appium.java_client.AppiumDriver)" type="net.thucydides.core.pages.WrongPageError">The page object class com.yape.mobile.screens.HomeScreenBookings could not be instantiated:
Failed to instantiate page (net.thucydides.core.webdriver.DriverConfigurationError: Could not instantiate class io.appium.java_client.AppiumDriver)</failure><system-err>The page object class com.yape.mobile.screens.HomeScreenBookings could not be instantiated:
Failed to instantiate page (net.thucydides.core.webdriver.DriverConfigurationError: Could not instantiate class io.appium.java_client.AppiumDriver)&#13;
</system-err></testcase></testsuite>